#
# There is insufficient memory for the Java Runtime Environment to continue.
# Native memory allocation (mmap) failed to map 2064384 bytes for G1 virtual space
# Possible reasons:
#   The system is out of physical RAM or swap space
#   The process is running with CompressedOops enabled, and the Java Heap may be blocking the growth of the native heap
# Possible solutions:
#   Reduce memory load on the system
#   Increase physical memory or swap space
#   Check if swap backing store is full
#   Decrease Java heap size (-Xmx/-Xms)
#   Decrease number of Java threads
#   Decrease Java thread stack sizes (-Xss)
#   Set larger code cache with -XX:ReservedCodeCacheSize=
#   JVM is running with Unscaled Compressed Oops mode in which the Java heap is
#     placed in the first 4GB address space. The Java Heap base address is the
#     maximum limit for the native heap growth. Please use -XX:HeapBaseMinAddress
#     to set the Java Heap base and to place the Java Heap above 4GB virtual address.
# This output file may be truncated or incomplete.
#
#  Out of Memory Error (os_windows.cpp:3550), pid=15548, tid=3408
#
# JRE version:  (17.0.8+9) (build )
# Java VM: Java HotSpot(TM) 64-Bit Server VM (17.0.8+9-LTS-211, mixed mode, sharing, tiered, compressed oops, compressed class ptrs, g1 gc, windows-amd64)
# No core dump will be written. Minidumps are not enabled by default on client versions of Windows
#

---------------  S U M M A R Y ------------

Command Line: *.java

Host: Intel(R) Core(TM) m3-8100Y CPU @ 1.10GHz, 4 cores, 7G,  Windows 11 , 64 bit Build 22621 (10.0.22621.2070)
Time: Thu Aug 24 13:22:08 2023 Central Daylight Time elapsed time: 0.267132 seconds (0d 0h 0m 0s)

---------------  T H R E A D  ---------------

Current thread (0x000001c1faf7a180):  JavaThread "Unknown thread" [_thread_in_vm, id=3408, stack(0x000000a68c500000,0x000000a68c600000)]

Stack: [0x000000a68c500000,0x000000a68c600000]
Native frames: (J=compiled Java code, j=interpreted, Vv=VM code, C=native code)
V  [jvm.dll+0x677d0a]
V  [jvm.dll+0x7d8c54]
V  [jvm.dll+0x7da3fe]
V  [jvm.dll+0x7daa63]
V  [jvm.dll+0x245c5f]
V  [jvm.dll+0x674bb9]
V  [jvm.dll+0x6694f2]
V  [jvm.dll+0x3031d6]
V  [jvm.dll+0x30a756]
V  [jvm.dll+0x359fb3]
V  [jvm.dll+0x35a1cf]
V  [jvm.dll+0x2da3e8]
V  [jvm.dll+0x2db354]
V  [jvm.dll+0x7aa711]
V  [jvm.dll+0x367b51]
V  [jvm.dll+0x789979]
V  [jvm.dll+0x3eb05f]
V  [jvm.dll+0x3ecae1]
C  [jli.dll+0x5297]
C  [ucrtbase.dll+0x29363]
C  [KERNEL32.DLL+0x126ad]
C  [ntdll.dll+0x5aa68]


---------------  P R O C E S S  ---------------

Threads class SMR info:
_java_thread_list=0x00007ff8ac3759d8, length=0, elements={
}

Java Threads: ( => current thread )

Other Threads:
  0x000001c1fafd2630 GCTaskThread "GC Thread#0" [stack: 0x000000a68c600000,0x000000a68c700000] [id=18100]
  0x000001c1fafe3170 ConcurrentGCThread "G1 Main Marker" [stack: 0x000000a68c700000,0x000000a68c800000] [id=6956]
  0x000001c1fafe4f90 ConcurrentGCThread "G1 Conc#0" [stack: 0x000000a68c800000,0x000000a68c900000] [id=15736]

[error occurred during error reporting (printing all threads), id 0xc0000005, EXCEPTION_ACCESS_VIOLATION (0xc0000005) at pc=0x00007ff8abbab047]

VM state: not at safepoint (not fully initialized)

VM Mutex/Monitor currently owned by a thread:  ([mutex/lock_event])
[0x000001c1faf75770] Heap_lock - owner thread: 0x000001c1faf7a180

Heap address: 0x0000000082000000, size: 2016 MB, Compressed Oops mode: 32-bit

CDS archive(s) mapped at: [0x0000000000000000-0x0000000000000000-0x0000000000000000), size 0, SharedBaseAddress: 0x0000000800000000, ArchiveRelocationMode: 1.
Narrow klass base: 0x0000000000000000, Narrow klass shift: 0, Narrow klass range: 0x0

GC Precious Log:
<Empty>

Heap:
 garbage-first heap   total 0K, used 0K [0x0000000082000000, 0x0000000100000000)
  region size 1024K, 0 young (0K), 0 survivors (0K)

[error occurred during error reporting (printing heap information), id 0xc0000005, EXCEPTION_ACCESS_VIOLATION (0xc0000005) at pc=0x00007ff8abf91499]

GC Heap History (0 events):
No events

Deoptimization events (0 events):
No events

Classes unloaded (0 events):
No events

Classes redefined (0 events):
No events

Internal exceptions (0 events):
No events

VM Operations (0 events):
No events

Events (1 events):
Event: 0.254 Loaded shared library C:\jdk-17.0.8\bin\java.dll


Dynamic libraries:
0x00007ff62b580000 - 0x00007ff62b590000 	C:\jdk-17.0.8\bin\java.exe
0x00007ff911cb0000 - 0x00007ff911ec4000 	C:\Windows\SYSTEM32\ntdll.dll
0x00007ff910ac0000 - 0x00007ff910b84000 	C:\Windows\System32\KERNEL32.DLL
0x00007ff90f090000 - 0x00007ff90f434000 	C:\Windows\System32\KERNELBASE.dll
0x00007ff90f700000 - 0x00007ff90f811000 	C:\Windows\System32\ucrtbase.dll
0x00007ff905ab0000 - 0x00007ff905ac9000 	C:\jdk-17.0.8\bin\jli.dll
0x00007ff910880000 - 0x00007ff910930000 	C:\Windows\System32\ADVAPI32.dll
0x00007ff911b80000 - 0x00007ff911c27000 	C:\Windows\System32\msvcrt.dll
0x00007ff910b90000 - 0x00007ff910c36000 	C:\Windows\System32\sechost.dll
0x00007ff90fc50000 - 0x00007ff90fd67000 	C:\Windows\System32\RPCRT4.dll
0x00007ff90fd70000 - 0x00007ff90ff1a000 	C:\Windows\System32\USER32.dll
0x00007ff90f5b0000 - 0x00007ff90f5d6000 	C:\Windows\System32\win32u.dll
0x00007ff910110000 - 0x00007ff910139000 	C:\Windows\System32\GDI32.dll
0x00007ff90f820000 - 0x00007ff90f939000 	C:\Windows\System32\gdi32full.dll
0x00007ff90f660000 - 0x00007ff90f6fa000 	C:\Windows\System32\msvcp_win.dll
0x00007ff8fa170000 - 0x00007ff8fa3ff000 	C:\Windows\WinSxS\amd64_microsoft.windows.common-controls_6595b64144ccf1df_6.0.22621.2070_none_2713e6537381f706\COMCTL32.dll
0x00007ff903d80000 - 0x00007ff903d8a000 	C:\Windows\SYSTEM32\VERSION.dll
0x00007ff905eb0000 - 0x00007ff905ecb000 	C:\jdk-17.0.8\bin\VCRUNTIME140.dll
0x00007ff911c30000 - 0x00007ff911c61000 	C:\Windows\System32\IMM32.DLL
0x00007ff90a6c0000 - 0x00007ff90a6cc000 	C:\jdk-17.0.8\bin\vcruntime140_1.dll
0x00007ff8e8b50000 - 0x00007ff8e8bde000 	C:\jdk-17.0.8\bin\msvcp140.dll
0x00007ff8ab8c0000 - 0x00007ff8ac49e000 	C:\jdk-17.0.8\bin\server\jvm.dll
0x00007ff90fc30000 - 0x00007ff90fc38000 	C:\Windows\System32\PSAPI.DLL
0x00007ff90a100000 - 0x00007ff90a109000 	C:\Windows\SYSTEM32\WSOCK32.dll
0x00007ff910c40000 - 0x00007ff910cb1000 	C:\Windows\System32\WS2_32.dll
0x00007ff905320000 - 0x00007ff905354000 	C:\Windows\SYSTEM32\WINMM.dll
0x00007ff90e040000 - 0x00007ff90e058000 	C:\Windows\SYSTEM32\kernel.appcore.dll
0x00007ff905bf0000 - 0x00007ff905bfa000 	C:\jdk-17.0.8\bin\jimage.dll
0x00007ff9064f0000 - 0x00007ff90671e000 	C:\Windows\SYSTEM32\DBGHELP.DLL
0x00007ff910e10000 - 0x00007ff91119a000 	C:\Windows\System32\combase.dll
0x00007ff910030000 - 0x00007ff910107000 	C:\Windows\System32\OLEAUT32.dll
0x00007ff8fa820000 - 0x00007ff8fa852000 	C:\Windows\SYSTEM32\dbgcore.DLL
0x00007ff90f5e0000 - 0x00007ff90f65a000 	C:\Windows\System32\bcryptPrimitives.dll
0x00007ff8f00b0000 - 0x00007ff8f00d5000 	C:\jdk-17.0.8\bin\java.dll

dbghelp: loaded successfully - version: 4.0.5 - missing functions: none
symbol engine: initialized successfully - sym options: 0x614 - pdb path: .;C:\jdk-17.0.8\bin;C:\Windows\SYSTEM32;C:\Windows\WinSxS\amd64_microsoft.windows.common-controls_6595b64144ccf1df_6.0.22621.2070_none_2713e6537381f706;C:\jdk-17.0.8\bin\server

VM Arguments:
java_command: *.java
java_class_path (initial): .
Launcher Type: SUN_STANDARD

[Global flags]
     intx CICompilerCount                          = 3                                         {product} {ergonomic}
     uint ConcGCThreads                            = 1                                         {product} {ergonomic}
     uint G1ConcRefinementThreads                  = 4                                         {product} {ergonomic}
   size_t G1HeapRegionSize                         = 1048576                                   {product} {ergonomic}
    uintx GCDrainStackTargetSize                   = 64                                        {product} {ergonomic}
   size_t InitialHeapSize                          = 132120576                                 {product} {ergonomic}
   size_t MarkStackSize                            = 4194304                                   {product} {ergonomic}
   size_t MaxHeapSize                              = 2113929216                                {product} {ergonomic}
   size_t MinHeapDeltaBytes                        = 1048576                                   {product} {ergonomic}
   size_t MinHeapSize                              = 8388608                                   {product} {ergonomic}
    uintx NonNMethodCodeHeapSize                   = 5832780                                {pd product} {ergonomic}
    uintx NonProfiledCodeHeapSize                  = 122912730                              {pd product} {ergonomic}
    uintx ProfiledCodeHeapSize                     = 122912730                              {pd product} {ergonomic}
    uintx ReservedCodeCacheSize                    = 251658240                              {pd product} {ergonomic}
     bool SegmentedCodeCache                       = true                                      {product} {ergonomic}
   size_t SoftMaxHeapSize                          = 2113929216                             {manageable} {ergonomic}
     bool UseCompressedClassPointers               = true                           {product lp64_product} {ergonomic}
     bool UseCompressedOops                        = true                           {product lp64_product} {ergonomic}
     bool UseG1GC                                  = true                                      {product} {ergonomic}
     bool UseLargePagesIndividualAllocation        = false                                  {pd product} {ergonomic}

Logging:
Log output configuration:
 #0: stdout all=warning uptime,level,tags
 #1: stderr all=off uptime,level,tags

Environment Variables:
JAVA_HOME=C:\jdk-17.0.8\bin
PATH=C:\Windows\system32;C:\Windows;C:\Windows\System32\Wbem;C:\Windows\System32\WindowsPowerShell\v1.0\;C:\Windows\System32\OpenSSH\;C:\Users\693982\AppData\Local\Microsoft\WindowsApps;C:\vscode\bin;C:\jdk-17.0.8\bin;C:\Reverse Engineering Work\node-v18.17.1-win-x64;C:\SysGCC\powerpc-eabi\bin;C:\Reverse Engineering Work\guitar-hero-sdk-master;C:\Reverse Engineering Work\;C:\ytdlp;
USERNAME=693982
LANG=en_US.UTF-8
OS=Windows_NT
PROCESSOR_IDENTIFIER=Intel64 Family 6 Model 142 Stepping 9, GenuineIntel



---------------  S Y S T E M  ---------------

OS:
 Windows 11 , 64 bit Build 22621 (10.0.22621.2070)
OS uptime: 2 days 1:01 hours
Hyper-V role detected

CPU: total 4 (initial active 4) (2 cores per cpu, 2 threads per core) family 6 model 142 stepping 9 microcode 0xf0, cx8, cmov, fxsr, ht, mmx, 3dnowpref, sse, sse2, sse3, ssse3, sse4.1, sse4.2, popcnt, lzcnt, tsc, tscinvbit, avx, avx2, aes, erms, clmul, bmi1, bmi2, adx, fma, vzeroupper, clflush, clflushopt, hv

Memory: 4k page, system-wide physical 8061M (454M free)
TotalPageFile size 23204M (AvailPageFile size 69M)
current process WorkingSet (physical memory assigned to process): 11M, peak: 11M
current process commit charge ("private bytes"): 178M, peak: 180M

vm_info: Java HotSpot(TM) 64-Bit Server VM (17.0.8+9-LTS-211) for windows-amd64 JRE (17.0.8+9-LTS-211), built on Jun 14 2023 10:34:31 by "mach5one" with MS VC++ 17.1 (VS2022)

END.
